Practico/TP_Evaluables/Trabajo_Practico_N6/Delivery_Loquesea/app/build/intermediates/manifest_merge_blame_file/debug/manifest-merger-blame-debug-report.txt
1<?xml version="1.0" encoding="utf-8"?>
2<manifest xmlns:android="http://schemas.android.com/apk/res/android"
3    package="isw.grupo1"
4    android:versionCode="1"
5    android:versionName="1.0" >
6
7    <uses-sdk
8        android:minSdkVersion="26"
8-->src\main\AndroidManifest.xml
9        android:targetSdkVersion="32" />
9-->src\main\AndroidManifest.xml
10
11    <application
11-->src\main\AndroidManifest.xml:6:5-44:19
12        android:allowBackup="true"
12-->src\main\AndroidManifest.xml:7:9-35
13        android:appComponentFactory="androidx.core.app.CoreComponentFactory"
13-->[androidx.core:core:1.5.0] AndroidManifest.xml:24:18-86
14        android:dataExtractionRules="@xml/data_extraction_rules"
14-->src\main\AndroidManifest.xml:8:9-65
15        android:debuggable="true"
16        android:extractNativeLibs="false"
17        android:fullBackupContent="@xml/backup_rules"
17-->src\main\AndroidManifest.xml:9:9-54
18        android:icon="@mipmap/ic_launcher"
18-->src\main\AndroidManifest.xml:10:9-43
19        android:label="@string/app_name"
19-->src\main\AndroidManifest.xml:11:9-41
20        android:roundIcon="@mipmap/ic_launcher_round"
20-->src\main\AndroidManifest.xml:12:9-54
21        android:supportsRtl="true"
21-->src\main\AndroidManifest.xml:13:9-35
22        android:testOnly="true"
23        android:theme="@style/Theme.Delivery_Loquesea" >
23-->src\main\AndroidManifest.xml:14:9-55
24        <activity
24-->src\main\AndroidManifest.xml:16:9-18:40
25            android:name="isw.grupo1.view.ConfirmacionActivity"
25-->src\main\AndroidManifest.xml:17:13-54
26            android:exported="false" />
26-->src\main\AndroidManifest.xml:18:13-37
27        <activity
27-->src\main\AndroidManifest.xml:19:9-22:68
28            android:name="isw.grupo1.view.ResumenActivity"
28-->src\main\AndroidManifest.xml:20:13-49
29            android:exported="false"
29-->src\main\AndroidManifest.xml:21:13-37
30            android:parentActivityName="isw.grupo1.view.MedioPagoActivity" />
30-->src\main\AndroidManifest.xml:22:13-65
31        <activity
31-->src\main\AndroidManifest.xml:23:9-26:75
32            android:name="isw.grupo1.view.MedioPagoActivity"
32-->src\main\AndroidManifest.xml:24:13-51
33            android:exported="false"
33-->src\main\AndroidManifest.xml:25:13-37
34            android:parentActivityName="isw.grupo1.view.DomicilioEntregaActivity" />
34-->src\main\AndroidManifest.xml:26:13-72
35        <activity
35-->src\main\AndroidManifest.xml:27:9-30:76
36            android:name="isw.grupo1.view.DomicilioEntregaActivity"
36-->src\main\AndroidManifest.xml:28:13-58
37            android:exported="false"
37-->src\main\AndroidManifest.xml:29:13-37
38            android:parentActivityName="isw.grupo1.view.DescripcionPedidoActivity" />
38-->src\main\AndroidManifest.xml:30:13-73
39        <activity
39-->src\main\AndroidManifest.xml:31:9-34:58
40            android:name="isw.grupo1.view.DescripcionPedidoActivity"
40-->src\main\AndroidManifest.xml:32:13-59
41            android:exported="false"
41-->src\main\AndroidManifest.xml:33:13-37
42            android:parentActivityName="isw.grupo1.MainActivity" />
42-->src\main\AndroidManifest.xml:34:13-55
43        <activity
43-->src\main\AndroidManifest.xml:35:9-43:20
44            android:name="isw.grupo1.MainActivity"
44-->src\main\AndroidManifest.xml:36:13-41
45            android:exported="true" >
45-->src\main\AndroidManifest.xml:37:13-36
46            <intent-filter>
46-->src\main\AndroidManifest.xml:38:13-42:29
47                <action android:name="android.intent.action.MAIN" />
47-->src\main\AndroidManifest.xml:39:17-69
47-->src\main\AndroidManifest.xml:39:25-66
48
49                <category android:name="android.intent.category.LAUNCHER" />
49-->src\main\AndroidManifest.xml:41:17-77
49-->src\main\AndroidManifest.xml:41:27-74
50            </intent-filter>
51        </activity>
52    </application>
53
54</manifest>